Mensaje I / 00:00:00:000 / Root(00) para top(01)
Mensaje I / 00:00:00:000 / top(01) para keyboard(02)
Mensaje I / 00:00:00:000 / top(01) para motherboard(03)
Mensaje I / 00:00:00:000 / top(01) para harddisk(06)
Mensaje I / 00:00:00:000 / top(01) para monitor(07)
Mensaje D / 00:00:00:000 / keyboard(02) / ... para top(01)
Mensaje I / 00:00:00:000 / motherboard(03) para cpu(04)
Mensaje I / 00:00:00:000 / motherboard(03) para memory(05)
Mensaje D / 00:00:00:000 / harddisk(06) / ... para top(01)
Mensaje D / 00:00:00:000 / monitor(07) / ... para top(01)
Mensaje D / 00:00:00:000 / cpu(04) / ... para motherboard(03)
Mensaje D / 00:00:00:000 / memory(05) / ... para motherboard(03)
Mensaje D / 00:00:00:000 / motherboard(03) / ... para top(01)
Mensaje D / 00:00:00:000 / top(01) / ... para Root(00)
Mensaje X / 00:00:01:000 / Root(00) / in /      3.00000 para top(01)
Mensaje X / 00:00:01:000 / top(01) / in /      3.00000 para keyboard(02)
Mensaje D / 00:00:01:000 / keyboard(02) / 00:00:00:003 para top(01)
Mensaje D / 00:00:01:000 / top(01) / 00:00:00:003 para Root(00)
Mensaje * / 00:00:01:003 / Root(00) para top(01)
Mensaje * / 00:00:01:003 / top(01) para keyboard(02)
Mensaje Y / 00:00:01:003 / keyboard(02) / out /      3.00000 para top(01)
Mensaje D / 00:00:01:003 / keyboard(02) / ... para top(01)
Mensaje X / 00:00:01:003 / top(01) / key_in /      3.00000 para motherboard(03)
Mensaje X / 00:00:01:003 / motherboard(03) / in /      3.00000 para memory(05)
Mensaje D / 00:00:01:003 / memory(05) / 00:00:00:002 para motherboard(03)
Mensaje D / 00:00:01:003 / motherboard(03) / 00:00:00:002 para top(01)
Mensaje D / 00:00:01:003 / top(01) / 00:00:00:002 para Root(00)
Mensaje * / 00:00:01:005 / Root(00) para top(01)
Mensaje * / 00:00:01:005 / top(01) para motherboard(03)
Mensaje * / 00:00:01:005 / motherboard(03) para memory(05)
Mensaje Y / 00:00:01:005 / memory(05) / out /      3.00000 para motherboard(03)
Mensaje D / 00:00:01:005 / memory(05) / ... para motherboard(03)
Mensaje X / 00:00:01:005 / motherboard(03) / memory_in /      3.00000 para cpu(04)
Mensaje Y / 00:00:01:005 / cpu(04) / monitor_out /      3.00000 para motherboard(03)
Mensaje Y / 00:00:01:005 / cpu(04) / job_done /      0.00000 para motherboard(03)
Mensaje D / 00:00:01:005 / cpu(04) / 00:00:00:001 para motherboard(03)
Mensaje Y / 00:00:01:005 / motherboard(03) / monitor_out /      3.00000 para top(01)
Mensaje X / 00:00:01:005 / motherboard(03) / done /      0.00000 para memory(05)
Mensaje X / 00:00:01:005 / top(01) / in /      3.00000 para monitor(07)
Mensaje D / 00:00:01:005 / memory(05) / ... para motherboard(03)
Mensaje D / 00:00:01:005 / monitor(07) / 00:00:00:003 para top(01)
Mensaje D / 00:00:01:005 / motherboard(03) / 00:00:00:001 para top(01)
Mensaje D / 00:00:01:005 / top(01) / 00:00:00:001 para Root(00)
Mensaje * / 00:00:01:006 / Root(00) para top(01)
Mensaje * / 00:00:01:006 / top(01) para motherboard(03)
Mensaje * / 00:00:01:006 / motherboard(03) para cpu(04)
Mensaje D / 00:00:01:006 / cpu(04) / ... para motherboard(03)
Mensaje D / 00:00:01:006 / motherboard(03) / ... para top(01)
Mensaje D / 00:00:01:006 / top(01) / 00:00:00:002 para Root(00)
Mensaje * / 00:00:01:008 / Root(00) para top(01)
Mensaje * / 00:00:01:008 / top(01) para monitor(07)
Mensaje Y / 00:00:01:008 / monitor(07) / out /      3.00000 para top(01)
Mensaje D / 00:00:01:008 / monitor(07) / ... para top(01)
Mensaje Y / 00:00:01:008 / top(01) / out /      3.00000 para Root(00)
Mensaje D / 00:00:01:008 / top(01) / ... para Root(00)
Mensaje X / 00:00:01:013 / Root(00) / in /     -5.00000 para top(01)
Mensaje X / 00:00:01:013 / top(01) / in /     -5.00000 para keyboard(02)
Mensaje D / 00:00:01:013 / keyboard(02) / 00:00:00:003 para top(01)
Mensaje D / 00:00:01:013 / top(01) / 00:00:00:003 para Root(00)
Mensaje * / 00:00:01:016 / Root(00) para top(01)
Mensaje * / 00:00:01:016 / top(01) para keyboard(02)
Mensaje Y / 00:00:01:016 / keyboard(02) / out /     -5.00000 para top(01)
Mensaje D / 00:00:01:016 / keyboard(02) / ... para top(01)
Mensaje X / 00:00:01:016 / top(01) / key_in /     -5.00000 para motherboard(03)
Mensaje X / 00:00:01:016 / motherboard(03) / in /     -5.00000 para memory(05)
Mensaje D / 00:00:01:016 / memory(05) / 00:00:00:002 para motherboard(03)
Mensaje D / 00:00:01:016 / motherboard(03) / 00:00:00:002 para top(01)
Mensaje D / 00:00:01:016 / top(01) / 00:00:00:002 para Root(00)
Mensaje * / 00:00:01:018 / Root(00) para top(01)
Mensaje * / 00:00:01:018 / top(01) para motherboard(03)
Mensaje * / 00:00:01:018 / motherboard(03) para memory(05)
Mensaje Y / 00:00:01:018 / memory(05) / out /     -5.00000 para motherboard(03)
Mensaje D / 00:00:01:018 / memory(05) / ... para motherboard(03)
Mensaje X / 00:00:01:018 / motherboard(03) / memory_in /     -5.00000 para cpu(04)
Mensaje Y / 00:00:01:018 / cpu(04) / hd_out /     -5.00000 para motherboard(03)
Mensaje D / 00:00:01:018 / cpu(04) / 00:00:00:001 para motherboard(03)
Mensaje Y / 00:00:01:018 / motherboard(03) / hd_out /     -5.00000 para top(01)
Mensaje D / 00:00:01:018 / motherboard(03) / 00:00:00:001 para top(01)
Mensaje X / 00:00:01:018 / top(01) / in /     -5.00000 para harddisk(06)
Mensaje D / 00:00:01:018 / harddisk(06) / 00:00:00:020 para top(01)
Mensaje D / 00:00:01:018 / top(01) / 00:00:00:001 para Root(00)
Mensaje * / 00:00:01:019 / Root(00) para top(01)
Mensaje * / 00:00:01:019 / top(01) para motherboard(03)
Mensaje * / 00:00:01:019 / motherboard(03) para cpu(04)
Mensaje D / 00:00:01:019 / cpu(04) / ... para motherboard(03)
Mensaje D / 00:00:01:019 / motherboard(03) / ... para top(01)
Mensaje D / 00:00:01:019 / top(01) / 00:00:00:019 para Root(00)
Mensaje * / 00:00:01:038 / Root(00) para top(01)
Mensaje * / 00:00:01:038 / top(01) para harddisk(06)
Mensaje Y / 00:00:01:038 / harddisk(06) / out /     -5.00000 para top(01)
Mensaje Y / 00:00:01:038 / harddisk(06) / done /      0.00000 para top(01)
Mensaje D / 00:00:01:038 / harddisk(06) / ... para top(01)
Mensaje Y / 00:00:01:038 / top(01) / hd_out /     -5.00000 para Root(00)
Mensaje X / 00:00:01:038 / top(01) / hd_done /      0.00000 para motherboard(03)
Mensaje X / 00:00:01:038 / motherboard(03) / hd_done /      0.00000 para cpu(04)
Mensaje Y / 00:00:01:038 / cpu(04) / job_done /      1.00000 para motherboard(03)
Mensaje D / 00:00:01:038 / cpu(04) / 00:00:00:001 para motherboard(03)
Mensaje X / 00:00:01:038 / motherboard(03) / done /      1.00000 para memory(05)
Mensaje D / 00:00:01:038 / memory(05) / ... para motherboard(03)
Mensaje D / 00:00:01:038 / motherboard(03) / 00:00:00:001 para top(01)
Mensaje D / 00:00:01:038 / top(01) / 00:00:00:001 para Root(00)
Mensaje * / 00:00:01:039 / Root(00) para top(01)
Mensaje * / 00:00:01:039 / top(01) para motherboard(03)
Mensaje * / 00:00:01:039 / motherboard(03) para cpu(04)
Mensaje D / 00:00:01:039 / cpu(04) / ... para motherboard(03)
Mensaje D / 00:00:01:039 / motherboard(03) / ... para top(01)
Mensaje D / 00:00:01:039 / top(01) / ... para Root(00)
Mensaje X / 00:00:02:004 / Root(00) / in /    100.00000 para top(01)
Mensaje X / 00:00:02:004 / top(01) / in /    100.00000 para keyboard(02)
Mensaje D / 00:00:02:004 / keyboard(02) / 00:00:00:003 para top(01)
Mensaje D / 00:00:02:004 / top(01) / 00:00:00:003 para Root(00)
Mensaje * / 00:00:02:007 / Root(00) para top(01)
Mensaje * / 00:00:02:007 / top(01) para keyboard(02)
Mensaje Y / 00:00:02:007 / keyboard(02) / out /    100.00000 para top(01)
Mensaje D / 00:00:02:007 / keyboard(02) / ... para top(01)
Mensaje X / 00:00:02:007 / top(01) / key_in /    100.00000 para motherboard(03)
Mensaje X / 00:00:02:007 / motherboard(03) / in /    100.00000 para memory(05)
Mensaje D / 00:00:02:007 / memory(05) / 00:00:00:002 para motherboard(03)
Mensaje D / 00:00:02:007 / motherboard(03) / 00:00:00:002 para top(01)
Mensaje D / 00:00:02:007 / top(01) / 00:00:00:002 para Root(00)
Mensaje * / 00:00:02:009 / Root(00) para top(01)
Mensaje * / 00:00:02:009 / top(01) para motherboard(03)
Mensaje * / 00:00:02:009 / motherboard(03) para memory(05)
Mensaje Y / 00:00:02:009 / memory(05) / out /    100.00000 para motherboard(03)
Mensaje D / 00:00:02:009 / memory(05) / ... para motherboard(03)
Mensaje X / 00:00:02:009 / motherboard(03) / memory_in /    100.00000 para cpu(04)
Mensaje Y / 00:00:02:009 / cpu(04) / monitor_out /    100.00000 para motherboard(03)
Mensaje Y / 00:00:02:009 / cpu(04) / job_done /      0.00000 para motherboard(03)
Mensaje D / 00:00:02:009 / cpu(04) / 00:00:00:001 para motherboard(03)
Mensaje Y / 00:00:02:009 / motherboard(03) / monitor_out /    100.00000 para top(01)
Mensaje X / 00:00:02:009 / motherboard(03) / done /      0.00000 para memory(05)
Mensaje X / 00:00:02:009 / top(01) / in /    100.00000 para monitor(07)
Mensaje D / 00:00:02:009 / memory(05) / ... para motherboard(03)
Mensaje D / 00:00:02:009 / monitor(07) / 00:00:00:003 para top(01)
Mensaje D / 00:00:02:009 / motherboard(03) / 00:00:00:001 para top(01)
Mensaje D / 00:00:02:009 / top(01) / 00:00:00:001 para Root(00)
Mensaje * / 00:00:02:010 / Root(00) para top(01)
Mensaje * / 00:00:02:010 / top(01) para motherboard(03)
Mensaje * / 00:00:02:010 / motherboard(03) para cpu(04)
Mensaje D / 00:00:02:010 / cpu(04) / ... para motherboard(03)
Mensaje D / 00:00:02:010 / motherboard(03) / ... para top(01)
Mensaje D / 00:00:02:010 / top(01) / 00:00:00:002 para Root(00)
Mensaje * / 00:00:02:012 / Root(00) para top(01)
Mensaje * / 00:00:02:012 / top(01) para monitor(07)
Mensaje Y / 00:00:02:012 / monitor(07) / out /    100.00000 para top(01)
Mensaje D / 00:00:02:012 / monitor(07) / ... para top(01)
Mensaje Y / 00:00:02:012 / top(01) / out /    100.00000 para Root(00)
Mensaje D / 00:00:02:012 / top(01) / ... para Root(00)
Mensaje X / 00:00:03:005 / Root(00) / in /   -300.00000 para top(01)
Mensaje X / 00:00:03:005 / top(01) / in /   -300.00000 para keyboard(02)
Mensaje D / 00:00:03:005 / keyboard(02) / 00:00:00:003 para top(01)
Mensaje D / 00:00:03:005 / top(01) / 00:00:00:003 para Root(00)
Mensaje * / 00:00:03:008 / Root(00) para top(01)
Mensaje * / 00:00:03:008 / top(01) para keyboard(02)
Mensaje Y / 00:00:03:008 / keyboard(02) / out /   -300.00000 para top(01)
Mensaje D / 00:00:03:008 / keyboard(02) / ... para top(01)
Mensaje X / 00:00:03:008 / top(01) / key_in /   -300.00000 para motherboard(03)
Mensaje X / 00:00:03:008 / motherboard(03) / in /   -300.00000 para memory(05)
Mensaje D / 00:00:03:008 / memory(05) / 00:00:00:002 para motherboard(03)
Mensaje D / 00:00:03:008 / motherboard(03) / 00:00:00:002 para top(01)
Mensaje D / 00:00:03:008 / top(01) / 00:00:00:002 para Root(00)
Mensaje * / 00:00:03:010 / Root(00) para top(01)
Mensaje * / 00:00:03:010 / top(01) para motherboard(03)
Mensaje * / 00:00:03:010 / motherboard(03) para memory(05)
Mensaje Y / 00:00:03:010 / memory(05) / out /   -300.00000 para motherboard(03)
Mensaje D / 00:00:03:010 / memory(05) / ... para motherboard(03)
Mensaje X / 00:00:03:010 / motherboard(03) / memory_in /   -300.00000 para cpu(04)
Mensaje Y / 00:00:03:010 / cpu(04) / hd_out /   -300.00000 para motherboard(03)
Mensaje D / 00:00:03:010 / cpu(04) / 00:00:00:001 para motherboard(03)
Mensaje Y / 00:00:03:010 / motherboard(03) / hd_out /   -300.00000 para top(01)
Mensaje D / 00:00:03:010 / motherboard(03) / 00:00:00:001 para top(01)
Mensaje X / 00:00:03:010 / top(01) / in /   -300.00000 para harddisk(06)
Mensaje D / 00:00:03:010 / harddisk(06) / 00:00:00:020 para top(01)
Mensaje D / 00:00:03:010 / top(01) / 00:00:00:001 para Root(00)
Mensaje * / 00:00:03:011 / Root(00) para top(01)
Mensaje * / 00:00:03:011 / top(01) para motherboard(03)
Mensaje * / 00:00:03:011 / motherboard(03) para cpu(04)
Mensaje D / 00:00:03:011 / cpu(04) / ... para motherboard(03)
Mensaje D / 00:00:03:011 / motherboard(03) / ... para top(01)
Mensaje D / 00:00:03:011 / top(01) / 00:00:00:019 para Root(00)
Mensaje X / 00:00:03:020 / Root(00) / in /    -20.00000 para top(01)
Mensaje X / 00:00:03:020 / top(01) / in /    -20.00000 para keyboard(02)
Mensaje D / 00:00:03:020 / keyboard(02) / 00:00:00:003 para top(01)
Mensaje D / 00:00:03:020 / top(01) / 00:00:00:003 para Root(00)
Mensaje * / 00:00:03:023 / Root(00) para top(01)
Mensaje * / 00:00:03:023 / top(01) para keyboard(02)
Mensaje Y / 00:00:03:023 / keyboard(02) / out /    -20.00000 para top(01)
Mensaje D / 00:00:03:023 / keyboard(02) / ... para top(01)
Mensaje X / 00:00:03:023 / top(01) / key_in /    -20.00000 para motherboard(03)
Mensaje X / 00:00:03:023 / motherboard(03) / in /    -20.00000 para memory(05)
Mensaje D / 00:00:03:023 / memory(05) / ... para motherboard(03)
Mensaje D / 00:00:03:023 / motherboard(03) / ... para top(01)
Mensaje D / 00:00:03:023 / top(01) / 00:00:00:007 para Root(00)
Mensaje * / 00:00:03:030 / Root(00) para top(01)
Mensaje * / 00:00:03:030 / top(01) para harddisk(06)
Mensaje Y / 00:00:03:030 / harddisk(06) / out /   -300.00000 para top(01)
Mensaje Y / 00:00:03:030 / harddisk(06) / done /      0.00000 para top(01)
Mensaje D / 00:00:03:030 / harddisk(06) / ... para top(01)
Mensaje Y / 00:00:03:030 / top(01) / hd_out /   -300.00000 para Root(00)
Mensaje X / 00:00:03:030 / top(01) / hd_done /      0.00000 para motherboard(03)
Mensaje X / 00:00:03:030 / motherboard(03) / hd_done /      0.00000 para cpu(04)
Mensaje Y / 00:00:03:030 / cpu(04) / job_done /      1.00000 para motherboard(03)
Mensaje D / 00:00:03:030 / cpu(04) / 00:00:00:001 para motherboard(03)
Mensaje X / 00:00:03:030 / motherboard(03) / done /      1.00000 para memory(05)
Mensaje D / 00:00:03:030 / memory(05) / 00:00:00:002 para motherboard(03)
Mensaje D / 00:00:03:030 / motherboard(03) / 00:00:00:001 para top(01)
Mensaje D / 00:00:03:030 / top(01) / 00:00:00:001 para Root(00)
Mensaje * / 00:00:03:031 / Root(00) para top(01)
Mensaje * / 00:00:03:031 / top(01) para motherboard(03)
Mensaje * / 00:00:03:031 / motherboard(03) para cpu(04)
Mensaje D / 00:00:03:031 / cpu(04) / ... para motherboard(03)
Mensaje D / 00:00:03:031 / motherboard(03) / 00:00:00:001 para top(01)
Mensaje D / 00:00:03:031 / top(01) / 00:00:00:001 para Root(00)
Mensaje * / 00:00:03:032 / Root(00) para top(01)
Mensaje * / 00:00:03:032 / top(01) para motherboard(03)
Mensaje * / 00:00:03:032 / motherboard(03) para memory(05)
Mensaje Y / 00:00:03:032 / memory(05) / out /    -20.00000 para motherboard(03)
Mensaje D / 00:00:03:032 / memory(05) / ... para motherboard(03)
Mensaje X / 00:00:03:032 / motherboard(03) / memory_in /    -20.00000 para cpu(04)
Mensaje Y / 00:00:03:032 / cpu(04) / hd_out /    -20.00000 para motherboard(03)
Mensaje D / 00:00:03:032 / cpu(04) / 00:00:00:001 para motherboard(03)
Mensaje Y / 00:00:03:032 / motherboard(03) / hd_out /    -20.00000 para top(01)
Mensaje D / 00:00:03:032 / motherboard(03) / 00:00:00:001 para top(01)
Mensaje X / 00:00:03:032 / top(01) / in /    -20.00000 para harddisk(06)
Mensaje D / 00:00:03:032 / harddisk(06) / 00:00:00:020 para top(01)
Mensaje D / 00:00:03:032 / top(01) / 00:00:00:001 para Root(00)
Mensaje * / 00:00:03:033 / Root(00) para top(01)
Mensaje * / 00:00:03:033 / top(01) para motherboard(03)
Mensaje * / 00:00:03:033 / motherboard(03) para cpu(04)
Mensaje D / 00:00:03:033 / cpu(04) / ... para motherboard(03)
Mensaje D / 00:00:03:033 / motherboard(03) / ... para top(01)
Mensaje D / 00:00:03:033 / top(01) / 00:00:00:019 para Root(00)
Mensaje X / 00:00:03:050 / Root(00) / in /      4.00000 para top(01)
Mensaje X / 00:00:03:050 / top(01) / in /      4.00000 para keyboard(02)
Mensaje D / 00:00:03:050 / keyboard(02) / 00:00:00:003 para top(01)
Mensaje D / 00:00:03:050 / top(01) / 00:00:00:002 para Root(00)
Mensaje * / 00:00:03:052 / Root(00) para top(01)
Mensaje * / 00:00:03:052 / top(01) para harddisk(06)
Mensaje Y / 00:00:03:052 / harddisk(06) / out /    -20.00000 para top(01)
Mensaje Y / 00:00:03:052 / harddisk(06) / done /      0.00000 para top(01)
Mensaje D / 00:00:03:052 / harddisk(06) / ... para top(01)
Mensaje Y / 00:00:03:052 / top(01) / hd_out /    -20.00000 para Root(00)
Mensaje X / 00:00:03:052 / top(01) / hd_done /      0.00000 para motherboard(03)
Mensaje X / 00:00:03:052 / motherboard(03) / hd_done /      0.00000 para cpu(04)
Mensaje Y / 00:00:03:052 / cpu(04) / job_done /      1.00000 para motherboard(03)
Mensaje D / 00:00:03:052 / cpu(04) / 00:00:00:001 para motherboard(03)
Mensaje X / 00:00:03:052 / motherboard(03) / done /      1.00000 para memory(05)
Mensaje D / 00:00:03:052 / memory(05) / ... para motherboard(03)
Mensaje D / 00:00:03:052 / motherboard(03) / 00:00:00:001 para top(01)
Mensaje D / 00:00:03:052 / top(01) / 00:00:00:001 para Root(00)
Mensaje * / 00:00:03:053 / Root(00) para top(01)
Mensaje * / 00:00:03:053 / top(01) para keyboard(02)
Mensaje Y / 00:00:03:053 / keyboard(02) / out /      4.00000 para top(01)
Mensaje D / 00:00:03:053 / keyboard(02) / ... para top(01)
Mensaje X / 00:00:03:053 / top(01) / key_in /      4.00000 para motherboard(03)
Mensaje X / 00:00:03:053 / motherboard(03) / in /      4.00000 para memory(05)
Mensaje D / 00:00:03:053 / memory(05) / 00:00:00:002 para motherboard(03)
Mensaje D / 00:00:03:053 / motherboard(03) / 00:00:00:000 para top(01)
Mensaje D / 00:00:03:053 / top(01) / 00:00:00:000 para Root(00)
Mensaje * / 00:00:03:053 / Root(00) para top(01)
Mensaje * / 00:00:03:053 / top(01) para motherboard(03)
Mensaje * / 00:00:03:053 / motherboard(03) para cpu(04)
Mensaje D / 00:00:03:053 / cpu(04) / ... para motherboard(03)
Mensaje D / 00:00:03:053 / motherboard(03) / 00:00:00:002 para top(01)
Mensaje D / 00:00:03:053 / top(01) / 00:00:00:002 para Root(00)
Mensaje X / 00:00:03:055 / Root(00) / in /     39.00000 para top(01)
Mensaje X / 00:00:03:055 / top(01) / in /     39.00000 para keyboard(02)
Mensaje D / 00:00:03:055 / keyboard(02) / 00:00:00:003 para top(01)
Mensaje D / 00:00:03:055 / top(01) / 00:00:00:000 para Root(00)
Mensaje * / 00:00:03:055 / Root(00) para top(01)
Mensaje * / 00:00:03:055 / top(01) para motherboard(03)
Mensaje * / 00:00:03:055 / motherboard(03) para memory(05)
Mensaje Y / 00:00:03:055 / memory(05) / out /      4.00000 para motherboard(03)
Mensaje D / 00:00:03:055 / memory(05) / ... para motherboard(03)
Mensaje X / 00:00:03:055 / motherboard(03) / memory_in /      4.00000 para cpu(04)
Mensaje Y / 00:00:03:055 / cpu(04) / monitor_out /      4.00000 para motherboard(03)
Mensaje Y / 00:00:03:055 / cpu(04) / job_done /      0.00000 para motherboard(03)
Mensaje D / 00:00:03:055 / cpu(04) / 00:00:00:001 para motherboard(03)
Mensaje Y / 00:00:03:055 / motherboard(03) / monitor_out /      4.00000 para top(01)
Mensaje X / 00:00:03:055 / motherboard(03) / done /      0.00000 para memory(05)
Mensaje X / 00:00:03:055 / top(01) / in /      4.00000 para monitor(07)
Mensaje D / 00:00:03:055 / memory(05) / ... para motherboard(03)
Mensaje D / 00:00:03:055 / monitor(07) / 00:00:00:003 para top(01)
Mensaje D / 00:00:03:055 / motherboard(03) / 00:00:00:001 para top(01)
Mensaje D / 00:00:03:055 / top(01) / 00:00:00:001 para Root(00)
Mensaje * / 00:00:03:056 / Root(00) para top(01)
Mensaje * / 00:00:03:056 / top(01) para motherboard(03)
Mensaje * / 00:00:03:056 / motherboard(03) para cpu(04)
Mensaje D / 00:00:03:056 / cpu(04) / ... para motherboard(03)
Mensaje D / 00:00:03:056 / motherboard(03) / ... para top(01)
Mensaje D / 00:00:03:056 / top(01) / 00:00:00:002 para Root(00)
Mensaje * / 00:00:03:058 / Root(00) para top(01)
Mensaje * / 00:00:03:058 / top(01) para keyboard(02)
Mensaje Y / 00:00:03:058 / keyboard(02) / out /     39.00000 para top(01)
Mensaje D / 00:00:03:058 / keyboard(02) / ... para top(01)
Mensaje X / 00:00:03:058 / top(01) / key_in /     39.00000 para motherboard(03)
Mensaje X / 00:00:03:058 / motherboard(03) / in /     39.00000 para memory(05)
Mensaje D / 00:00:03:058 / memory(05) / 00:00:00:002 para motherboard(03)
Mensaje D / 00:00:03:058 / motherboard(03) / 00:00:00:002 para top(01)
Mensaje D / 00:00:03:058 / top(01) / 00:00:00:000 para Root(00)
Mensaje * / 00:00:03:058 / Root(00) para top(01)
Mensaje * / 00:00:03:058 / top(01) para monitor(07)
Mensaje Y / 00:00:03:058 / monitor(07) / out /      4.00000 para top(01)
Mensaje D / 00:00:03:058 / monitor(07) / ... para top(01)
Mensaje Y / 00:00:03:058 / top(01) / out /      4.00000 para Root(00)
Mensaje D / 00:00:03:058 / top(01) / 00:00:00:002 para Root(00)
Mensaje * / 00:00:03:060 / Root(00) para top(01)
Mensaje * / 00:00:03:060 / top(01) para motherboard(03)
Mensaje * / 00:00:03:060 / motherboard(03) para memory(05)
Mensaje Y / 00:00:03:060 / memory(05) / out /     39.00000 para motherboard(03)
Mensaje D / 00:00:03:060 / memory(05) / ... para motherboard(03)
Mensaje X / 00:00:03:060 / motherboard(03) / memory_in /     39.00000 para cpu(04)
Mensaje Y / 00:00:03:060 / cpu(04) / monitor_out /     39.00000 para motherboard(03)
Mensaje Y / 00:00:03:060 / cpu(04) / job_done /      0.00000 para motherboard(03)
Mensaje D / 00:00:03:060 / cpu(04) / 00:00:00:001 para motherboard(03)
Mensaje Y / 00:00:03:060 / motherboard(03) / monitor_out /     39.00000 para top(01)
Mensaje X / 00:00:03:060 / motherboard(03) / done /      0.00000 para memory(05)
Mensaje X / 00:00:03:060 / top(01) / in /     39.00000 para monitor(07)
Mensaje D / 00:00:03:060 / memory(05) / ... para motherboard(03)
Mensaje D / 00:00:03:060 / monitor(07) / 00:00:00:003 para top(01)
Mensaje D / 00:00:03:060 / motherboard(03) / 00:00:00:001 para top(01)
Mensaje D / 00:00:03:060 / top(01) / 00:00:00:001 para Root(00)
Mensaje * / 00:00:03:061 / Root(00) para top(01)
Mensaje * / 00:00:03:061 / top(01) para motherboard(03)
Mensaje * / 00:00:03:061 / motherboard(03) para cpu(04)
Mensaje D / 00:00:03:061 / cpu(04) / ... para motherboard(03)
Mensaje D / 00:00:03:061 / motherboard(03) / ... para top(01)
Mensaje D / 00:00:03:061 / top(01) / 00:00:00:002 para Root(00)
Mensaje * / 00:00:03:063 / Root(00) para top(01)
Mensaje * / 00:00:03:063 / top(01) para monitor(07)
Mensaje Y / 00:00:03:063 / monitor(07) / out /     39.00000 para top(01)
Mensaje D / 00:00:03:063 / monitor(07) / ... para top(01)
Mensaje Y / 00:00:03:063 / top(01) / out /     39.00000 para Root(00)
Mensaje D / 00:00:03:063 / top(01) / ... para Root(00)
